<?xml version="1.0" encoding="UTF-8"?>
<!-- Generated by org.testng.reporters.JUnitReportReporter -->
<testsuite hostname="SP" failures="0" tests="1" name="FirstMaven.sdss" time="0.012" errors="0" timestamp="2022-06-07T18:17:13 EDT" skipped="0">
  <testcase classname="FirstMaven.sdss" name="sp1" time="0.012"/>
  <system-out/>
</testsuite> <!-- FirstMaven.sdss -->
