<?xml version="1.0" encoding="UTF-8"?>
<!-- Generated by org.testng.reporters.JUnitReportReporter -->
<testsuite hostname="SP" failures="0" tests="1" name="FirstMaven.TestngSeleniumMaven" time="12.005" errors="0" timestamp="2022-06-07T17:53:56 EDT" skipped="0">
  <testcase classname="FirstMaven.TestngSeleniumMaven" name="getTitle" time="12.005"/>
  <system-out/>
</testsuite> <!-- FirstMaven.TestngSeleniumMaven -->
