<?xml version="1.0" encoding="UTF-8"?>
<!-- Generated by org.testng.reporters.JUnitReportReporter -->
<testsuite hostname="SP" failures="0" tests="1" name="FirstMaven.ffff" time="9.922" errors="0" timestamp="2022-06-07T17:49:05 EDT" skipped="0">
  <testcase classname="FirstMaven.ffff" name="getTitle" time="9.922"/>
  <system-out/>
</testsuite> <!-- FirstMaven.ffff -->
